<?xml version="1.0" encoding="UTF-8"?>
<testng-results ignored="0" total="1" passed="1" failed="0" skipped="0">
  <reporter-output>
  </reporter-output>
  <suite started-at="2021-07-23T21:45:33 IST" name="Default suite" finished-at="2021-07-23T21:49:22 IST" duration-ms="228548">
    <groups>
      <group name="cucumber">
        <method signature="AbstractTestNGCucumberTests.feature(cucumber.api.testng.CucumberFeatureWrapper)[pri:0, instance:cucumberOptions.TestRunner@43dac38f]" name="feature" class="cucumber.api.testng.AbstractTestNGCucumberTests"/>
      </group> <!-- cucumber -->
    </groups>
    <test started-at="2021-07-23T21:45:33 IST" name="Default test" finished-at="2021-07-23T21:49:22 IST" duration-ms="228548">
      <class name="cucumberOptions.TestRunner">
        <test-method is-config="true" signature="setUpClass()[pri:0, instance:cucumberOptions.TestRunner@43dac38f]" started-at="2021-07-23T21:45:33 IST" name="setUpClass" finished-at="2021-07-23T21:45:36 IST" duration-ms="2310" status="PASS">
          <reporter-output>
          </reporter-output>
        </test-method> <!-- setUpClass -->
        <test-method signature="feature(cucumber.api.testng.CucumberFeatureWrapper)[pri:0, instance:cucumberOptions.TestRunner@43dac38f]" started-at="2021-07-23T21:45:36 IST" name="feature" description="Runs Cucumber Feature" data-provider="features" finished-at="2021-07-23T21:49:22 IST" duration-ms="225503" status="PASS">
          <params>
            <param index="0">
              <value>
                <![CDATA[FlipKart Search]]>
              </value>
            </param>
          </params>
          <reporter-output>
          </reporter-output>
        </test-method> <!-- feature -->
        <test-method is-config="true" signature="tearDownClass()[pri:0, instance:cucumberOptions.TestRunner@43dac38f]" started-at="2021-07-23T21:49:22 IST" name="tearDownClass" finished-at="2021-07-23T21:49:22 IST" duration-ms="22" status="PASS">
          <reporter-output>
          </reporter-output>
        </test-method> <!-- tearDownClass -->
      </class> <!-- cucumberOptions.TestRunner -->
    </test> <!-- Default test -->
  </suite> <!-- Default suite -->
</testng-results>
